2013/06/26 22:04:57 [error] [php] date() [<a href='function.date'>function.date</a>]: It is not safe to rely on the system's timezone settings. You are *required* to use the date.timezone setting or the date_default_timezone_set() function. In case you used any of those methods and you are still getting this warning, you most likely misspelled the timezone identifier. We selected 'Asia/Hong_Kong' for 'HKT/8.0/no DST' instead (/Users/caicai/Sites/trackstar/protected/views/layouts/main.php:51)
Stack trace:
#0 /Users/caicai/Sites/yii/framework/web/CBaseController.php(95): SiteController->renderInternal()
#1 /Users/caicai/Sites/yii/framework/web/widgets/CContentDecorator.php(76): SiteController->renderFile()
#2 /Users/caicai/Sites/yii/framework/web/widgets/CContentDecorator.php(54): CContentDecorator->decorate()
#3 /Users/caicai/Sites/yii/framework/web/widgets/COutputProcessor.php(44): CContentDecorator->processOutput()
#4 /Users/caicai/Sites/yii/framework/web/CBaseController.php(206): CContentDecorator->run()
#5 /Users/caicai/Sites/yii/framework/web/CBaseController.php(300): SiteController->endWidget()
#6 /Users/caicai/Sites/trackstar/protected/views/layouts/column1.php(6): SiteController->endContent()
#7 /Users/caicai/Sites/yii/framework/web/CBaseController.php(126): require()
#8 /Users/caicai/Sites/yii/framework/web/CBaseController.php(95): SiteController->renderInternal()
#9 /Users/caicai/Sites/yii/framework/web/CController.php(784): SiteController->renderFile()
#10 /Users/caicai/Sites/trackstar/protected/controllers/SiteController.php(32): SiteController->render()
#11 /Users/caicai/Sites/yii/framework/web/actions/CInlineAction.php(49): SiteController->actionIndex()
#12 /Users/caicai/Sites/yii/framework/web/CController.php(308): CInlineAction->runWithParams()
#13 /Users/caicai/Sites/yii/framework/web/CController.php(286): SiteController->runAction()
#14 /Users/caicai/Sites/yii/framework/web/CController.php(265): SiteController->runActionWithFilters()
#15 /Users/caicai/Sites/yii/framework/web/CWebApplication.php(282): SiteController->run()
#16 /Users/caicai/Sites/yii/framework/web/CWebApplication.php(141): CWebApplication->runController()
#17 /Users/caicai/Sites/yii/framework/base/CApplication.php(169): CWebApplication->processRequest()
#18 /Users/caicai/Sites/trackstar/index.php(13): CWebApplication->run()
REQUEST_URI=/trackstar/
in /Users/caicai/Sites/trackstar/protected/views/layouts/main.php (51)
in /Users/caicai/Sites/trackstar/protected/views/layouts/column1.php (6)
in /Users/caicai/Sites/trackstar/protected/controllers/SiteController.php (32)
2013/06/26 22:04:59 [error] [php] date() [<a href='function.date'>function.date</a>]: It is not safe to rely on the system's timezone settings. You are *required* to use the date.timezone setting or the date_default_timezone_set() function. In case you used any of those methods and you are still getting this warning, you most likely misspelled the timezone identifier. We selected 'Asia/Hong_Kong' for 'HKT/8.0/no DST' instead (/Users/caicai/Sites/trackstar/protected/views/layouts/main.php:51)
Stack trace:
#0 /Users/caicai/Sites/yii/framework/web/CBaseController.php(95): SiteController->renderInternal()
#1 /Users/caicai/Sites/yii/framework/web/widgets/CContentDecorator.php(76): SiteController->renderFile()
#2 /Users/caicai/Sites/yii/framework/web/widgets/CContentDecorator.php(54): CContentDecorator->decorate()
#3 /Users/caicai/Sites/yii/framework/web/widgets/COutputProcessor.php(44): CContentDecorator->processOutput()
#4 /Users/caicai/Sites/yii/framework/web/CBaseController.php(206): CContentDecorator->run()
#5 /Users/caicai/Sites/yii/framework/web/CBaseController.php(300): SiteController->endWidget()
#6 /Users/caicai/Sites/trackstar/protected/views/layouts/column1.php(6): SiteController->endContent()
#7 /Users/caicai/Sites/yii/framework/web/CBaseController.php(126): require()
#8 /Users/caicai/Sites/yii/framework/web/CBaseController.php(95): SiteController->renderInternal()
#9 /Users/caicai/Sites/yii/framework/web/CController.php(784): SiteController->renderFile()
#10 /Users/caicai/Sites/trackstar/protected/controllers/SiteController.php(32): SiteController->render()
#11 /Users/caicai/Sites/yii/framework/web/actions/CInlineAction.php(49): SiteController->actionIndex()
#12 /Users/caicai/Sites/yii/framework/web/CController.php(308): CInlineAction->runWithParams()
#13 /Users/caicai/Sites/yii/framework/web/CController.php(286): SiteController->runAction()
#14 /Users/caicai/Sites/yii/framework/web/CController.php(265): SiteController->runActionWithFilters()
#15 /Users/caicai/Sites/yii/framework/web/CWebApplication.php(282): SiteController->run()
#16 /Users/caicai/Sites/yii/framework/web/CWebApplication.php(141): CWebApplication->runController()
#17 /Users/caicai/Sites/yii/framework/base/CApplication.php(169): CWebApplication->processRequest()
#18 /Users/caicai/Sites/trackstar/index.php(13): CWebApplication->run()
REQUEST_URI=/trackstar/
in /Users/caicai/Sites/trackstar/protected/views/layouts/main.php (51)
in /Users/caicai/Sites/trackstar/protected/views/layouts/column1.php (6)
in /Users/caicai/Sites/trackstar/protected/controllers/SiteController.php (32)
2013/06/26 22:06:13 [error] [php] date() [<a href='function.date'>function.date</a>]: It is not safe to rely on the system's timezone settings. You are *required* to use the date.timezone setting or the date_default_timezone_set() function. In case you used any of those methods and you are still getting this warning, you most likely misspelled the timezone identifier. We selected 'Asia/Hong_Kong' for 'HKT/8.0/no DST' instead (/Users/caicai/Sites/trackstar/protected/views/layouts/main.php:51)
Stack trace:
#0 /Users/caicai/Sites/yii/framework/web/CBaseController.php(95): SiteController->renderInternal()
#1 /Users/caicai/Sites/yii/framework/web/widgets/CContentDecorator.php(76): SiteController->renderFile()
#2 /Users/caicai/Sites/yii/framework/web/widgets/CContentDecorator.php(54): CContentDecorator->decorate()
#3 /Users/caicai/Sites/yii/framework/web/widgets/COutputProcessor.php(44): CContentDecorator->processOutput()
#4 /Users/caicai/Sites/yii/framework/web/CBaseController.php(206): CContentDecorator->run()
#5 /Users/caicai/Sites/yii/framework/web/CBaseController.php(300): SiteController->endWidget()
#6 /Users/caicai/Sites/trackstar/protected/views/layouts/column1.php(6): SiteController->endContent()
#7 /Users/caicai/Sites/yii/framework/web/CBaseController.php(126): require()
#8 /Users/caicai/Sites/yii/framework/web/CBaseController.php(95): SiteController->renderInternal()
#9 /Users/caicai/Sites/yii/framework/web/CController.php(784): SiteController->renderFile()
#10 /Users/caicai/Sites/trackstar/protected/controllers/SiteController.php(32): SiteController->render()
#11 /Users/caicai/Sites/yii/framework/web/actions/CInlineAction.php(49): SiteController->actionIndex()
#12 /Users/caicai/Sites/yii/framework/web/CController.php(308): CInlineAction->runWithParams()
#13 /Users/caicai/Sites/yii/framework/web/CController.php(286): SiteController->runAction()
#14 /Users/caicai/Sites/yii/framework/web/CController.php(265): SiteController->runActionWithFilters()
#15 /Users/caicai/Sites/yii/framework/web/CWebApplication.php(282): SiteController->run()
#16 /Users/caicai/Sites/yii/framework/web/CWebApplication.php(141): CWebApplication->runController()
#17 /Users/caicai/Sites/yii/framework/base/CApplication.php(169): CWebApplication->processRequest()
#18 /Users/caicai/Sites/trackstar/index.php(13): CWebApplication->run()
REQUEST_URI=/trackstar/
in /Users/caicai/Sites/trackstar/protected/views/layouts/main.php (51)
in /Users/caicai/Sites/trackstar/protected/views/layouts/column1.php (6)
in /Users/caicai/Sites/trackstar/protected/controllers/SiteController.php (32)
2013/06/26 22:06:16 [error] [php] date() [<a href='function.date'>function.date</a>]: It is not safe to rely on the system's timezone settings. You are *required* to use the date.timezone setting or the date_default_timezone_set() function. In case you used any of those methods and you are still getting this warning, you most likely misspelled the timezone identifier. We selected 'Asia/Hong_Kong' for 'HKT/8.0/no DST' instead (/Users/caicai/Sites/trackstar/protected/views/layouts/main.php:51)
Stack trace:
#0 /Users/caicai/Sites/yii/framework/web/CBaseController.php(95): SiteController->renderInternal()
#1 /Users/caicai/Sites/yii/framework/web/widgets/CContentDecorator.php(76): SiteController->renderFile()
#2 /Users/caicai/Sites/yii/framework/web/widgets/CContentDecorator.php(54): CContentDecorator->decorate()
#3 /Users/caicai/Sites/yii/framework/web/widgets/COutputProcessor.php(44): CContentDecorator->processOutput()
#4 /Users/caicai/Sites/yii/framework/web/CBaseController.php(206): CContentDecorator->run()
#5 /Users/caicai/Sites/yii/framework/web/CBaseController.php(300): SiteController->endWidget()
#6 /Users/caicai/Sites/trackstar/protected/views/layouts/column1.php(6): SiteController->endContent()
#7 /Users/caicai/Sites/yii/framework/web/CBaseController.php(126): require()
#8 /Users/caicai/Sites/yii/framework/web/CBaseController.php(95): SiteController->renderInternal()
#9 /Users/caicai/Sites/yii/framework/web/CController.php(784): SiteController->renderFile()
#10 /Users/caicai/Sites/trackstar/protected/controllers/SiteController.php(32): SiteController->render()
#11 /Users/caicai/Sites/yii/framework/web/actions/CInlineAction.php(49): SiteController->actionIndex()
#12 /Users/caicai/Sites/yii/framework/web/CController.php(308): CInlineAction->runWithParams()
#13 /Users/caicai/Sites/yii/framework/web/CController.php(286): SiteController->runAction()
#14 /Users/caicai/Sites/yii/framework/web/CController.php(265): SiteController->runActionWithFilters()
#15 /Users/caicai/Sites/yii/framework/web/CWebApplication.php(282): SiteController->run()
#16 /Users/caicai/Sites/yii/framework/web/CWebApplication.php(141): CWebApplication->runController()
#17 /Users/caicai/Sites/yii/framework/base/CApplication.php(169): CWebApplication->processRequest()
#18 /Users/caicai/Sites/trackstar/index.php(13): CWebApplication->run()
REQUEST_URI=/trackstar/
in /Users/caicai/Sites/trackstar/protected/views/layouts/main.php (51)
in /Users/caicai/Sites/trackstar/protected/views/layouts/column1.php (6)
in /Users/caicai/Sites/trackstar/protected/controllers/SiteController.php (32)
2013/06/26 22:07:03 [error] [php] date() [<a href='function.date'>function.date</a>]: It is not safe to rely on the system's timezone settings. You are *required* to use the date.timezone setting or the date_default_timezone_set() function. In case you used any of those methods and you are still getting this warning, you most likely misspelled the timezone identifier. We selected 'Asia/Hong_Kong' for 'HKT/8.0/no DST' instead (/Users/caicai/Sites/trackstar/protected/views/layouts/main.php:50)
Stack trace:
#0 /Users/caicai/Sites/yii/framework/web/CBaseController.php(95): SiteController->renderInternal()
#1 /Users/caicai/Sites/yii/framework/web/widgets/CContentDecorator.php(76): SiteController->renderFile()
#2 /Users/caicai/Sites/yii/framework/web/widgets/CContentDecorator.php(54): CContentDecorator->decorate()
#3 /Users/caicai/Sites/yii/framework/web/widgets/COutputProcessor.php(44): CContentDecorator->processOutput()
#4 /Users/caicai/Sites/yii/framework/web/CBaseController.php(206): CContentDecorator->run()
#5 /Users/caicai/Sites/yii/framework/web/CBaseController.php(300): SiteController->endWidget()
#6 /Users/caicai/Sites/trackstar/protected/views/layouts/column1.php(6): SiteController->endContent()
#7 /Users/caicai/Sites/yii/framework/web/CBaseController.php(126): require()
#8 /Users/caicai/Sites/yii/framework/web/CBaseController.php(95): SiteController->renderInternal()
#9 /Users/caicai/Sites/yii/framework/web/CController.php(784): SiteController->renderFile()
#10 /Users/caicai/Sites/trackstar/protected/controllers/SiteController.php(32): SiteController->render()
#11 /Users/caicai/Sites/yii/framework/web/actions/CInlineAction.php(49): SiteController->actionIndex()
#12 /Users/caicai/Sites/yii/framework/web/CController.php(308): CInlineAction->runWithParams()
#13 /Users/caicai/Sites/yii/framework/web/CController.php(286): SiteController->runAction()
#14 /Users/caicai/Sites/yii/framework/web/CController.php(265): SiteController->runActionWithFilters()
#15 /Users/caicai/Sites/yii/framework/web/CWebApplication.php(282): SiteController->run()
#16 /Users/caicai/Sites/yii/framework/web/CWebApplication.php(141): CWebApplication->runController()
#17 /Users/caicai/Sites/yii/framework/base/CApplication.php(169): CWebApplication->processRequest()
#18 /Users/caicai/Sites/trackstar/index.php(13): CWebApplication->run()
REQUEST_URI=/trackstar/
in /Users/caicai/Sites/trackstar/protected/views/layouts/main.php (50)
in /Users/caicai/Sites/trackstar/protected/views/layouts/column1.php (6)
in /Users/caicai/Sites/trackstar/protected/controllers/SiteController.php (32)
2013/06/26 22:07:31 [error] [php] date() [<a href='function.date'>function.date</a>]: It is not safe to rely on the system's timezone settings. You are *required* to use the date.timezone setting or the date_default_timezone_set() function. In case you used any of those methods and you are still getting this warning, you most likely misspelled the timezone identifier. We selected 'Asia/Hong_Kong' for 'HKT/8.0/no DST' instead (/Users/caicai/Sites/trackstar/protected/views/layouts/main.php:50)
Stack trace:
#0 /Users/caicai/Sites/yii/framework/web/CBaseController.php(95): SiteController->renderInternal()
#1 /Users/caicai/Sites/yii/framework/web/widgets/CContentDecorator.php(76): SiteController->renderFile()
#2 /Users/caicai/Sites/yii/framework/web/widgets/CContentDecorator.php(54): CContentDecorator->decorate()
#3 /Users/caicai/Sites/yii/framework/web/widgets/COutputProcessor.php(44): CContentDecorator->processOutput()
#4 /Users/caicai/Sites/yii/framework/web/CBaseController.php(206): CContentDecorator->run()
#5 /Users/caicai/Sites/yii/framework/web/CBaseController.php(300): SiteController->endWidget()
#6 /Users/caicai/Sites/trackstar/protected/views/layouts/column1.php(6): SiteController->endContent()
#7 /Users/caicai/Sites/yii/framework/web/CBaseController.php(126): require()
#8 /Users/caicai/Sites/yii/framework/web/CBaseController.php(95): SiteController->renderInternal()
#9 /Users/caicai/Sites/yii/framework/web/CController.php(784): SiteController->renderFile()
#10 /Users/caicai/Sites/trackstar/protected/controllers/SiteController.php(32): SiteController->render()
#11 /Users/caicai/Sites/yii/framework/web/actions/CInlineAction.php(49): SiteController->actionIndex()
#12 /Users/caicai/Sites/yii/framework/web/CController.php(308): CInlineAction->runWithParams()
#13 /Users/caicai/Sites/yii/framework/web/CController.php(286): SiteController->runAction()
#14 /Users/caicai/Sites/yii/framework/web/CController.php(265): SiteController->runActionWithFilters()
#15 /Users/caicai/Sites/yii/framework/web/CWebApplication.php(282): SiteController->run()
#16 /Users/caicai/Sites/yii/framework/web/CWebApplication.php(141): CWebApplication->runController()
#17 /Users/caicai/Sites/yii/framework/base/CApplication.php(169): CWebApplication->processRequest()
#18 /Users/caicai/Sites/trackstar/index.php(13): CWebApplication->run()
REQUEST_URI=/trackstar/
in /Users/caicai/Sites/trackstar/protected/views/layouts/main.php (50)
in /Users/caicai/Sites/trackstar/protected/views/layouts/column1.php (6)
in /Users/caicai/Sites/trackstar/protected/controllers/SiteController.php (32)
2013/06/26 22:07:46 [error] [php] date() [<a href='function.date'>function.date</a>]: It is not safe to rely on the system's timezone settings. You are *required* to use the date.timezone setting or the date_default_timezone_set() function. In case you used any of those methods and you are still getting this warning, you most likely misspelled the timezone identifier. We selected 'Asia/Hong_Kong' for 'HKT/8.0/no DST' instead (/Users/caicai/Sites/trackstar/protected/views/layouts/main.php:50)
Stack trace:
#0 /Users/caicai/Sites/yii/framework/web/CBaseController.php(95): SiteController->renderInternal()
#1 /Users/caicai/Sites/yii/framework/web/widgets/CContentDecorator.php(76): SiteController->renderFile()
#2 /Users/caicai/Sites/yii/framework/web/widgets/CContentDecorator.php(54): CContentDecorator->decorate()
#3 /Users/caicai/Sites/yii/framework/web/widgets/COutputProcessor.php(44): CContentDecorator->processOutput()
#4 /Users/caicai/Sites/yii/framework/web/CBaseController.php(206): CContentDecorator->run()
#5 /Users/caicai/Sites/yii/framework/web/CBaseController.php(300): SiteController->endWidget()
#6 /Users/caicai/Sites/trackstar/protected/views/layouts/column1.php(6): SiteController->endContent()
#7 /Users/caicai/Sites/yii/framework/web/CBaseController.php(126): require()
#8 /Users/caicai/Sites/yii/framework/web/CBaseController.php(95): SiteController->renderInternal()
#9 /Users/caicai/Sites/yii/framework/web/CController.php(784): SiteController->renderFile()
#10 /Users/caicai/Sites/trackstar/protected/controllers/SiteController.php(32): SiteController->render()
#11 /Users/caicai/Sites/yii/framework/web/actions/CInlineAction.php(49): SiteController->actionIndex()
#12 /Users/caicai/Sites/yii/framework/web/CController.php(308): CInlineAction->runWithParams()
#13 /Users/caicai/Sites/yii/framework/web/CController.php(286): SiteController->runAction()
#14 /Users/caicai/Sites/yii/framework/web/CController.php(265): SiteController->runActionWithFilters()
#15 /Users/caicai/Sites/yii/framework/web/CWebApplication.php(282): SiteController->run()
#16 /Users/caicai/Sites/yii/framework/web/CWebApplication.php(141): CWebApplication->runController()
#17 /Users/caicai/Sites/yii/framework/base/CApplication.php(169): CWebApplication->processRequest()
#18 /Users/caicai/Sites/trackstar/index.php(13): CWebApplication->run()
REQUEST_URI=/trackstar/
in /Users/caicai/Sites/trackstar/protected/views/layouts/main.php (50)
in /Users/caicai/Sites/trackstar/protected/views/layouts/column1.php (6)
in /Users/caicai/Sites/trackstar/protected/controllers/SiteController.php (32)
2013/06/26 22:09:49 [error] [php] date() [<a href='function.date'>function.date</a>]: It is not safe to rely on the system's timezone settings. You are *required* to use the date.timezone setting or the date_default_timezone_set() function. In case you used any of those methods and you are still getting this warning, you most likely misspelled the timezone identifier. We selected 'Asia/Hong_Kong' for 'HKT/8.0/no DST' instead (/Users/caicai/Sites/trackstar/protected/views/layouts/main.php:50)
Stack trace:
#0 /Users/caicai/Sites/yii/framework/web/CBaseController.php(95): SiteController->renderInternal()
#1 /Users/caicai/Sites/yii/framework/web/widgets/CContentDecorator.php(76): SiteController->renderFile()
#2 /Users/caicai/Sites/yii/framework/web/widgets/CContentDecorator.php(54): CContentDecorator->decorate()
#3 /Users/caicai/Sites/yii/framework/web/widgets/COutputProcessor.php(44): CContentDecorator->processOutput()
#4 /Users/caicai/Sites/yii/framework/web/CBaseController.php(206): CContentDecorator->run()
#5 /Users/caicai/Sites/yii/framework/web/CBaseController.php(300): SiteController->endWidget()
#6 /Users/caicai/Sites/trackstar/protected/views/layouts/column1.php(6): SiteController->endContent()
#7 /Users/caicai/Sites/yii/framework/web/CBaseController.php(126): require()
#8 /Users/caicai/Sites/yii/framework/web/CBaseController.php(95): SiteController->renderInternal()
#9 /Users/caicai/Sites/yii/framework/web/CController.php(784): SiteController->renderFile()
#10 /Users/caicai/Sites/trackstar/protected/controllers/SiteController.php(32): SiteController->render()
#11 /Users/caicai/Sites/yii/framework/web/actions/CInlineAction.php(49): SiteController->actionIndex()
#12 /Users/caicai/Sites/yii/framework/web/CController.php(308): CInlineAction->runWithParams()
#13 /Users/caicai/Sites/yii/framework/web/CController.php(286): SiteController->runAction()
#14 /Users/caicai/Sites/yii/framework/web/CController.php(265): SiteController->runActionWithFilters()
#15 /Users/caicai/Sites/yii/framework/web/CWebApplication.php(282): SiteController->run()
#16 /Users/caicai/Sites/yii/framework/web/CWebApplication.php(141): CWebApplication->runController()
#17 /Users/caicai/Sites/yii/framework/base/CApplication.php(169): CWebApplication->processRequest()
#18 /Users/caicai/Sites/trackstar/index.php(13): CWebApplication->run()
REQUEST_URI=/trackstar/
in /Users/caicai/Sites/trackstar/protected/views/layouts/main.php (50)
in /Users/caicai/Sites/trackstar/protected/views/layouts/column1.php (6)
in /Users/caicai/Sites/trackstar/protected/controllers/SiteController.php (32)
